[17:36:56] [Server thread/INFO]: Starting minecraft server version 1.11
[17:36:56] [Server thread/INFO]: Loading properties
[17:36:56] [Server thread/INFO]: Default game type: SURVIVAL
[17:36:56] [Server thread/INFO]: This server is running CraftBukkit version git-Spigot-16c940b-eed13ca (MC: 1.11) (Implementing API version 1.11-R0.1-SNAPSHOT)
[17:36:56] [Server thread/INFO]: Debug logging is disabled
[17:36:56] [Server thread/INFO]: Using 4 threads for Netty based IO
[17:36:56] [Server thread/INFO]: Server Ping Player Sample Count: 12
[17:36:56] [Server thread/INFO]: Generating keypair
[17:36:56] [Server thread/INFO]: Starting Minecraft server on *:25565
[17:36:56] [Server thread/INFO]: Using default channel type
[17:36:56] [Server thread/INFO]: Set PluginClassLoader as parallel capable
[17:36:56] [Server thread/INFO]: [ArenaTugOfWar] Loading ArenaTugOfWar v0.0.1-SNAPSHOT
[17:36:56] [Server thread/INFO]: **** Beginning UUID conversion, this may take A LONG time ****
[17:36:56] [Server thread/INFO]: Preparing level "world"
[17:36:56] [Server thread/INFO]: -------- World Settings For [world] --------
[17:36:56] [Server thread/INFO]: Nerfing mobs spawned from spawners: false
[17:36:56] [Server thread/INFO]: Allow Zombie Pigmen to spawn from portal blocks: true
[17:36:56] [Server thread/INFO]: Arrow Despawn Rate: 1200
[17:36:56] [Server thread/INFO]: Item Merge Radius: 2.5
[17:36:56] [Server thread/INFO]: Item Despawn Rate: 6000
[17:36:56] [Server thread/INFO]: View Distance: 10
[17:36:56] [Server thread/INFO]: Hopper Transfer: 8 Hopper Check: 8 Hopper Amount: 1
[17:36:56] [Server thread/INFO]: Entity Activation Range: An 32 / Mo 32 / Mi 16
[17:36:56] [Server thread/INFO]: Max TNT Explosions: 100
[17:36:56] [Server thread/INFO]: Mob Spawn Range: 4
[17:36:56] [Server thread/INFO]: Tile Max Tick Time: 50ms Entity max Tick Time: 50ms
[17:36:56] [Server thread/INFO]: Cactus Growth Modifier: 100%
[17:36:56] [Server thread/INFO]: Cane Growth Modifier: 100%
[17:36:56] [Server thread/INFO]: Melon Growth Modifier: 100%
[17:36:56] [Server thread/INFO]: Mushroom Growth Modifier: 100%
[17:36:56] [Server thread/INFO]: Pumpkin Growth Modifier: 100%
[17:36:56] [Server thread/INFO]: Sapling Growth Modifier: 100%
[17:36:56] [Server thread/INFO]: Wheat Growth Modifier: 100%
[17:36:56] [Server thread/INFO]: NetherWart Growth Modifier: 100%
[17:36:56] [Server thread/INFO]: Vine Growth Modifier: 100%
[17:36:56] [Server thread/INFO]: Cocoa Growth Modifier: 100%
[17:36:56] [Server thread/INFO]: Entity Tracking Range: Pl 48 / An 48 / Mo 48 / Mi 32 / Other 64
[17:36:56] [Server thread/INFO]: Structure Info Saving: true
[17:36:56] [Server thread/INFO]: Random Lighting Updates: false
[17:36:56] [Server thread/INFO]: Custom Map Seeds:  Village: 10387312 Feature: 14357617
[17:36:56] [Server thread/INFO]: Zombie Aggressive Towards Villager: true
[17:36:56] [Server thread/INFO]: Experience Merge Radius: 3.0
[17:36:56] [Server thread/INFO]: -------- World Settings For [world_nether] --------
[17:36:56] [Server thread/INFO]: Nerfing mobs spawned from spawners: false
[17:36:56] [Server thread/INFO]: Allow Zombie Pigmen to spawn from portal blocks: true
[17:36:56] [Server thread/INFO]: Arrow Despawn Rate: 1200
[17:36:56] [Server thread/INFO]: Item Merge Radius: 2.5
[17:36:56] [Server thread/INFO]: Item Despawn Rate: 6000
[17:36:56] [Server thread/INFO]: View Distance: 10
[17:36:56] [Server thread/INFO]: Hopper Transfer: 8 Hopper Check: 8 Hopper Amount: 1
[17:36:56] [Server thread/INFO]: Entity Activation Range: An 32 / Mo 32 / Mi 16
[17:36:56] [Server thread/INFO]: Max TNT Explosions: 100
[17:36:56] [Server thread/INFO]: Mob Spawn Range: 4
[17:36:56] [Server thread/INFO]: Tile Max Tick Time: 50ms Entity max Tick Time: 50ms
[17:36:56] [Server thread/INFO]: Cactus Growth Modifier: 100%
[17:36:56] [Server thread/INFO]: Cane Growth Modifier: 100%
[17:36:56] [Server thread/INFO]: Melon Growth Modifier: 100%
[17:36:56] [Server thread/INFO]: Mushroom Growth Modifier: 100%
[17:36:56] [Server thread/INFO]: Pumpkin Growth Modifier: 100%
[17:36:56] [Server thread/INFO]: Sapling Growth Modifier: 100%
[17:36:56] [Server thread/INFO]: Wheat Growth Modifier: 100%
[17:36:56] [Server thread/INFO]: NetherWart Growth Modifier: 100%
[17:36:56] [Server thread/INFO]: Vine Growth Modifier: 100%
[17:36:56] [Server thread/INFO]: Cocoa Growth Modifier: 100%
[17:36:56] [Server thread/INFO]: Entity Tracking Range: Pl 48 / An 48 / Mo 48 / Mi 32 / Other 64
[17:36:56] [Server thread/INFO]: Structure Info Saving: true
[17:36:56] [Server thread/INFO]: Random Lighting Updates: false
[17:36:56] [Server thread/INFO]: Custom Map Seeds:  Village: 10387312 Feature: 14357617
[17:36:56] [Server thread/INFO]: Zombie Aggressive Towards Villager: true
[17:36:56] [Server thread/INFO]: Experience Merge Radius: 3.0
[17:36:56] [Server thread/INFO]: -------- World Settings For [world_the_end] --------
[17:36:56] [Server thread/INFO]: Nerfing mobs spawned from spawners: false
[17:36:56] [Server thread/INFO]: Allow Zombie Pigmen to spawn from portal blocks: true
[17:36:56] [Server thread/INFO]: Arrow Despawn Rate: 1200
[17:36:56] [Server thread/INFO]: Item Merge Radius: 2.5
[17:36:56] [Server thread/INFO]: Item Despawn Rate: 6000
[17:36:56] [Server thread/INFO]: View Distance: 10
[17:36:56] [Server thread/INFO]: Hopper Transfer: 8 Hopper Check: 8 Hopper Amount: 1
[17:36:56] [Server thread/INFO]: Entity Activation Range: An 32 / Mo 32 / Mi 16
[17:36:56] [Server thread/INFO]: Max TNT Explosions: 100
[17:36:56] [Server thread/INFO]: Mob Spawn Range: 4
[17:36:56] [Server thread/INFO]: Tile Max Tick Time: 50ms Entity max Tick Time: 50ms
[17:36:56] [Server thread/INFO]: Cactus Growth Modifier: 100%
[17:36:56] [Server thread/INFO]: Cane Growth Modifier: 100%
[17:36:56] [Server thread/INFO]: Melon Growth Modifier: 100%
[17:36:56] [Server thread/INFO]: Mushroom Growth Modifier: 100%
[17:36:56] [Server thread/INFO]: Pumpkin Growth Modifier: 100%
[17:36:56] [Server thread/INFO]: Sapling Growth Modifier: 100%
[17:36:56] [Server thread/INFO]: Wheat Growth Modifier: 100%
[17:36:56] [Server thread/INFO]: NetherWart Growth Modifier: 100%
[17:36:56] [Server thread/INFO]: Vine Growth Modifier: 100%
[17:36:56] [Server thread/INFO]: Cocoa Growth Modifier: 100%
[17:36:56] [Server thread/INFO]: Entity Tracking Range: Pl 48 / An 48 / Mo 48 / Mi 32 / Other 64
[17:36:56] [Server thread/INFO]: Structure Info Saving: true
[17:36:56] [Server thread/INFO]: Random Lighting Updates: false
[17:36:56] [Server thread/INFO]: Custom Map Seeds:  Village: 10387312 Feature: 14357617
[17:36:56] [Server thread/INFO]: Zombie Aggressive Towards Villager: true
[17:36:56] [Server thread/INFO]: Experience Merge Radius: 3.0
[17:36:56] [Server thread/INFO]: Preparing start region for level 0 (Seed: 1413978666937103110)
[17:36:57] [Server thread/WARN]: Skipping Entity with id minecraft:villagergolem
[17:36:57] [Server thread/INFO]: Preparing spawn area: 55%
[17:36:58] [Server thread/INFO]: Preparing start region for level 1 (Seed: 6854498536247808680)
[17:36:58] [Server thread/INFO]: Preparing start region for level 2 (Seed: 6854498536247808680)
[17:36:58] [Server thread/INFO]: [ArenaTugOfWar] Enabling ArenaTugOfWar v0.0.1-SNAPSHOT
[17:36:58] [Server thread/INFO]: [ArenaTugOfWar] v0.0.1-SNAPSHOT enabling!
[17:36:58] [Server thread/INFO]: [BattleArena] BattleTracker not detected, not tracking wins
[17:36:58] [Server thread/INFO]: [BA Error] ignoring duel option money as there is no economy!
[17:36:58] [Server thread/INFO]: [BattleArena] no additional Arena modules
[17:36:58] [Server thread/INFO]: [ArenaTugOfWar] registering classes: gladiator, archer, monk
[17:36:58] [Server thread/INFO]: [ArenaTugOfWar] v0.0.1-SNAPSHOT enabled!
[17:36:58] [Server thread/INFO]: Server permissions file permissions.yml is empty, ignoring it
[17:36:58] [Server thread/INFO]: Done (2.227s)! For help, type "help" or "?"
[17:36:59] [Server thread/INFO]: Skirmishhas been initialized
[17:36:59] [Server thread/INFO]: Duelhas been initialized
[17:36:59] [Server thread/INFO]: DeathMatchhas been initialized
[17:36:59] [Server thread/INFO]: FreeForAllhas been initialized
[17:36:59] [Server thread/INFO]: Arenahas been initialized
[17:36:59] [Server thread/INFO]: Colosseumhas been initialized
[17:36:59] [Server thread/INFO]: Battlegroundhas been initialized
[17:36:59] [Server thread/INFO]: [ArenaTugOfWar] Loaded ArenaTow arenas: test
[17:37:04] [User Authenticator #1/INFO]: UUID of player TcFox is 6cc0e263-6b1d-406c-8adb-6990bb2878e2
[17:37:04] [Server thread/INFO]: TcFox[/127.0.0.1:50432] logged in with entity id 254 at ([world]-183.87323564894962, 90.0, 275.9300953979408)
[17:37:07] [Server thread/INFO]: TcFox issued server command: /tow join
[17:37:10] [Server thread/INFO]: TcFox issued server command: /tow forcestart
[17:37:11] [Server thread/INFO]: [Tug Of War] TcFox[1250] is entering the ArenaTow!
[17:37:22] [Server thread/INFO]: [[ArenaTugOfWar_v0.0.1-SNAPSHOT] Error] method=public void io.github.TcFoxy.ArenaTOW.TugArena.playerDeathEvent(org.bukkit.event.entity.PlayerDeathEvent),  types.length=1,  p=CraftPlayer{name=TcFox},  listener=[TugArena : [MEM playerDeathEvent, PlayerDeathEvent p=HIGHEST onEnter:onLeave   playerMethod=public org.bukkit.entity.Player org.bukkit.event.entity.PlayerDeathEvent.getEntity()]]
[17:37:22] [Server thread/WARN]: java.lang.reflect.InvocationTargetException
[17:37:22] [Server thread/WARN]: 	at sun.reflect.NativeMethodAccessorImpl.invoke0(Native Method)
[17:37:22] [Server thread/WARN]: 	at sun.reflect.NativeMethodAccessorImpl.invoke(NativeMethodAccessorImpl.java:62)
[17:37:22] [Server thread/WARN]: 	at sun.reflect.DelegatingMethodAccessorImpl.invoke(DelegatingMethodAccessorImpl.java:43)
[17:37:22] [Server thread/WARN]: 	at java.lang.reflect.Method.invoke(Method.java:498)
[17:37:22] [Server thread/WARN]: 	at io.github.TcFoxy.ArenaTOW.BattleArena.listeners.Custom.SpecificPlayerEventListener.doMethods(SpecificPlayerEventListener.java:172)
[17:37:22] [Server thread/WARN]: 	at io.github.TcFoxy.ArenaTOW.BattleArena.listeners.Custom.SpecificPlayerEventListener.invokeEvent(SpecificPlayerEventListener.java:162)
[17:37:22] [Server thread/WARN]: 	at io.github.TcFoxy.ArenaTOW.BattleArena.listeners.Custom.BaseEventListener$3.execute(BaseEventListener.java:108)
[17:37:22] [Server thread/WARN]: 	at org.bukkit.plugin.RegisteredListener.callEvent(RegisteredListener.java:62)
[17:37:22] [Server thread/WARN]: 	at org.bukkit.plugin.SimplePluginManager.fireEvent(SimplePluginManager.java:502)
[17:37:22] [Server thread/WARN]: 	at org.bukkit.plugin.SimplePluginManager.callEvent(SimplePluginManager.java:487)
[17:37:22] [Server thread/WARN]: 	at org.bukkit.craftbukkit.v1_11_R1.event.CraftEventFactory.callPlayerDeathEvent(CraftEventFactory.java:409)
[17:37:22] [Server thread/WARN]: 	at net.minecraft.server.v1_11_R1.EntityPlayer.die(EntityPlayer.java:399)
[17:37:22] [Server thread/WARN]: 	at net.minecraft.server.v1_11_R1.EntityLiving.damageEntity(EntityLiving.java:932)
[17:37:22] [Server thread/WARN]: 	at net.minecraft.server.v1_11_R1.EntityHuman.damageEntity(EntityHuman.java:782)
[17:37:22] [Server thread/WARN]: 	at net.minecraft.server.v1_11_R1.EntityPlayer.damageEntity(EntityPlayer.java:484)
[17:37:22] [Server thread/WARN]: 	at net.minecraft.server.v1_11_R1.EntityLiving.e(EntityLiving.java:1170)
[17:37:22] [Server thread/WARN]: 	at net.minecraft.server.v1_11_R1.EntityHuman.e(EntityHuman.java:1522)
[17:37:22] [Server thread/WARN]: 	at net.minecraft.server.v1_11_R1.Block.fallOn(Block.java:518)
[17:37:22] [Server thread/WARN]: 	at net.minecraft.server.v1_11_R1.Entity.a(Entity.java:916)
[17:37:22] [Server thread/WARN]: 	at net.minecraft.server.v1_11_R1.EntityLiving.a(EntityLiving.java:188)
[17:37:22] [Server thread/WARN]: 	at net.minecraft.server.v1_11_R1.EntityPlayer.a(EntityPlayer.java:642)
[17:37:22] [Server thread/WARN]: 	at net.minecraft.server.v1_11_R1.PlayerConnection.a(PlayerConnection.java:641)
[17:37:22] [Server thread/WARN]: 	at net.minecraft.server.v1_11_R1.PacketPlayInFlying.a(SourceFile:126)
[17:37:22] [Server thread/WARN]: 	at net.minecraft.server.v1_11_R1.PacketPlayInFlying$PacketPlayInPositionLook.a(SourceFile:18)
[17:37:22] [Server thread/WARN]: 	at net.minecraft.server.v1_11_R1.PlayerConnectionUtils$1.run(SourceFile:13)
[17:37:22] [Server thread/WARN]: 	at java.util.concurrent.Executors$RunnableAdapter.call(Executors.java:511)
[17:37:22] [Server thread/WARN]: 	at java.util.concurrent.FutureTask.run(FutureTask.java:266)
[17:37:22] [Server thread/WARN]: 	at net.minecraft.server.v1_11_R1.SystemUtils.a(SourceFile:46)
[17:37:22] [Server thread/WARN]: 	at net.minecraft.server.v1_11_R1.MinecraftServer.D(MinecraftServer.java:739)
[17:37:22] [Server thread/WARN]: 	at net.minecraft.server.v1_11_R1.DedicatedServer.D(DedicatedServer.java:399)
[17:37:22] [Server thread/WARN]: 	at net.minecraft.server.v1_11_R1.MinecraftServer.C(MinecraftServer.java:675)
[17:37:22] [Server thread/WARN]: 	at net.minecraft.server.v1_11_R1.MinecraftServer.run(MinecraftServer.java:574)
[17:37:22] [Server thread/WARN]: 	at java.lang.Thread.run(Thread.java:745)
[17:37:22] [Server thread/WARN]: Caused by: java.lang.NullPointerException
[17:37:22] [Server thread/WARN]: 	at io.github.TcFoxy.ArenaTOW.TugArena.playerDeathEvent(TugArena.java:425)
[17:37:22] [Server thread/WARN]: 	... 33 more
[17:37:22] [Server thread/INFO]: TcFox fell from a high place
[17:37:27] [Server thread/INFO]: TcFox issued server command: /gamemode c
[17:37:27] [Server thread/INFO]: [TcFox: Set own game mode to Creative Mode]
[17:37:35] [Server thread/INFO]: TcFox issued server command: /gamemode c
[17:37:35] [Server thread/INFO]: [TcFox: Set own game mode to Creative Mode]
[17:37:37] [Server thread/INFO]: TcFox issued server command: /gamemode s
[17:37:37] [Server thread/INFO]: [TcFox: Set own game mode to Survival Mode]
[17:37:47] [Server thread/INFO]: TcFox issued server command: /tow cancel
[17:37:51] [Server thread/INFO]: TcFox lost connection: Internal Exception: java.io.IOException: An existing connection was forcibly closed by the remote host
[17:37:51] [Server thread/INFO]: TcFox left the game
