[19:16:57] [Server thread/INFO]: Starting minecraft server version 1.10.2
[19:16:57] [Server thread/INFO]: Loading properties
[19:16:57] [Server thread/INFO]: Default game type: SURVIVAL
[19:16:57] [Server thread/INFO]: This server is running CraftBukkit version git-Spigot-f9671b8-48b88ed (MC: 1.10.2) (Implementing API version 1.10.2-R0.1-SNAPSHOT)
[19:16:57] [Server thread/INFO]: Unable to find file banned-players.json, creating it.
[19:16:57] [Server thread/INFO]: Unable to find file banned-ips.json, creating it.
[19:16:57] [Server thread/INFO]: Unable to find file ops.json, creating it.
[19:16:57] [Server thread/INFO]: Unable to find file whitelist.json, creating it.
[19:16:57] [Server thread/INFO]: Debug logging is disabled
[19:16:57] [Server thread/INFO]: Using 4 threads for Netty based IO
[19:16:57] [Server thread/INFO]: Server Ping Player Sample Count: 12
[19:16:57] [Server thread/INFO]: Generating keypair
[19:16:57] [Server thread/INFO]: Starting Minecraft server on *:25565
[19:16:57] [Server thread/INFO]: Using default channel type
[19:16:57] [Server thread/INFO]: **** Beginning UUID conversion, this may take A LONG time ****
[19:16:57] [Server thread/INFO]: Preparing level "world"
[19:16:57] [Server thread/INFO]: -------- World Settings For [world] --------
[19:16:57] [Server thread/INFO]: Arrow Despawn Rate: 1200
[19:16:57] [Server thread/INFO]: View Distance: 10
[19:16:57] [Server thread/INFO]: Allow Zombie Pigmen to spawn from portal blocks: true
[19:16:57] [Server thread/INFO]: Item Despawn Rate: 6000
[19:16:57] [Server thread/INFO]: Item Merge Radius: 2.5
[19:16:57] [Server thread/INFO]: Custom Map Seeds:  Village: 10387312 Feature: 14357617
[19:16:57] [Server thread/INFO]: Max Entity Collisions: 8
[19:16:57] [Server thread/INFO]: Random Lighting Updates: false
[19:16:57] [Server thread/INFO]: Tile Max Tick Time: 50ms Entity max Tick Time: 50ms
[19:16:57] [Server thread/INFO]: Hopper Transfer: 8 Hopper Check: 8 Hopper Amount: 1
[19:16:57] [Server thread/INFO]: Entity Tracking Range: Pl 48 / An 48 / Mo 48 / Mi 32 / Other 64
[19:16:57] [Server thread/INFO]: Max TNT Explosions: 100
[19:16:57] [Server thread/INFO]: Structure Info Saving: true
[19:16:57] [Server thread/INFO]: Entity Activation Range: An 32 / Mo 32 / Mi 16
[19:16:57] [Server thread/INFO]: Cactus Growth Modifier: 100%
[19:16:57] [Server thread/INFO]: Cane Growth Modifier: 100%
[19:16:57] [Server thread/INFO]: Melon Growth Modifier: 100%
[19:16:57] [Server thread/INFO]: Mushroom Growth Modifier: 100%
[19:16:57] [Server thread/INFO]: Pumpkin Growth Modifier: 100%
[19:16:57] [Server thread/INFO]: Sapling Growth Modifier: 100%
[19:16:57] [Server thread/INFO]: Wheat Growth Modifier: 100%
[19:16:57] [Server thread/INFO]: NetherWart Growth Modifier: 100%
[19:16:57] [Server thread/INFO]: Vine Growth Modifier: 100%
[19:16:57] [Server thread/INFO]: Cocoa Growth Modifier: 100%
[19:16:57] [Server thread/INFO]: Mob Spawn Range: 4
[19:16:57] [Server thread/INFO]: Zombie Aggressive Towards Villager: true
[19:16:57] [Server thread/INFO]: Experience Merge Radius: 3.0
[19:16:57] [Server thread/INFO]: Nerfing mobs spawned from spawners: false
[19:16:58] [Server thread/INFO]: -------- World Settings For [world_nether] --------
[19:16:58] [Server thread/INFO]: Arrow Despawn Rate: 1200
[19:16:58] [Server thread/INFO]: View Distance: 10
[19:16:58] [Server thread/INFO]: Allow Zombie Pigmen to spawn from portal blocks: true
[19:16:58] [Server thread/INFO]: Item Despawn Rate: 6000
[19:16:58] [Server thread/INFO]: Item Merge Radius: 2.5
[19:16:58] [Server thread/INFO]: Custom Map Seeds:  Village: 10387312 Feature: 14357617
[19:16:58] [Server thread/INFO]: Max Entity Collisions: 8
[19:16:58] [Server thread/INFO]: Random Lighting Updates: false
[19:16:58] [Server thread/INFO]: Tile Max Tick Time: 50ms Entity max Tick Time: 50ms
[19:16:58] [Server thread/INFO]: Hopper Transfer: 8 Hopper Check: 8 Hopper Amount: 1
[19:16:58] [Server thread/INFO]: Entity Tracking Range: Pl 48 / An 48 / Mo 48 / Mi 32 / Other 64
[19:16:58] [Server thread/INFO]: Max TNT Explosions: 100
[19:16:58] [Server thread/INFO]: Structure Info Saving: true
[19:16:58] [Server thread/INFO]: Entity Activation Range: An 32 / Mo 32 / Mi 16
[19:16:58] [Server thread/INFO]: Cactus Growth Modifier: 100%
[19:16:58] [Server thread/INFO]: Cane Growth Modifier: 100%
[19:16:58] [Server thread/INFO]: Melon Growth Modifier: 100%
[19:16:58] [Server thread/INFO]: Mushroom Growth Modifier: 100%
[19:16:58] [Server thread/INFO]: Pumpkin Growth Modifier: 100%
[19:16:58] [Server thread/INFO]: Sapling Growth Modifier: 100%
[19:16:58] [Server thread/INFO]: Wheat Growth Modifier: 100%
[19:16:58] [Server thread/INFO]: NetherWart Growth Modifier: 100%
[19:16:58] [Server thread/INFO]: Vine Growth Modifier: 100%
[19:16:58] [Server thread/INFO]: Cocoa Growth Modifier: 100%
[19:16:58] [Server thread/INFO]: Mob Spawn Range: 4
[19:16:58] [Server thread/INFO]: Zombie Aggressive Towards Villager: true
[19:16:58] [Server thread/INFO]: Experience Merge Radius: 3.0
[19:16:58] [Server thread/INFO]: Nerfing mobs spawned from spawners: false
[19:16:58] [Server thread/INFO]: -------- World Settings For [world_the_end] --------
[19:16:58] [Server thread/INFO]: Arrow Despawn Rate: 1200
[19:16:58] [Server thread/INFO]: View Distance: 10
[19:16:58] [Server thread/INFO]: Allow Zombie Pigmen to spawn from portal blocks: true
[19:16:58] [Server thread/INFO]: Item Despawn Rate: 6000
[19:16:58] [Server thread/INFO]: Item Merge Radius: 2.5
[19:16:58] [Server thread/INFO]: Custom Map Seeds:  Village: 10387312 Feature: 14357617
[19:16:58] [Server thread/INFO]: Max Entity Collisions: 8
[19:16:58] [Server thread/INFO]: Random Lighting Updates: false
[19:16:58] [Server thread/INFO]: Tile Max Tick Time: 50ms Entity max Tick Time: 50ms
[19:16:58] [Server thread/INFO]: Hopper Transfer: 8 Hopper Check: 8 Hopper Amount: 1
[19:16:58] [Server thread/INFO]: Entity Tracking Range: Pl 48 / An 48 / Mo 48 / Mi 32 / Other 64
[19:16:58] [Server thread/INFO]: Max TNT Explosions: 100
[19:16:58] [Server thread/INFO]: Structure Info Saving: true
[19:16:58] [Server thread/INFO]: Entity Activation Range: An 32 / Mo 32 / Mi 16
[19:16:58] [Server thread/INFO]: Cactus Growth Modifier: 100%
[19:16:58] [Server thread/INFO]: Cane Growth Modifier: 100%
[19:16:58] [Server thread/INFO]: Melon Growth Modifier: 100%
[19:16:58] [Server thread/INFO]: Mushroom Growth Modifier: 100%
[19:16:58] [Server thread/INFO]: Pumpkin Growth Modifier: 100%
[19:16:58] [Server thread/INFO]: Sapling Growth Modifier: 100%
[19:16:58] [Server thread/INFO]: Wheat Growth Modifier: 100%
[19:16:58] [Server thread/INFO]: NetherWart Growth Modifier: 100%
[19:16:58] [Server thread/INFO]: Vine Growth Modifier: 100%
[19:16:58] [Server thread/INFO]: Cocoa Growth Modifier: 100%
[19:16:58] [Server thread/INFO]: Mob Spawn Range: 4
[19:16:58] [Server thread/INFO]: Zombie Aggressive Towards Villager: true
[19:16:58] [Server thread/INFO]: Experience Merge Radius: 3.0
[19:16:58] [Server thread/INFO]: Nerfing mobs spawned from spawners: false
[19:16:58] [Server thread/INFO]: Preparing start region for level 0 (Seed: -1396368121768390908)
[19:16:59] [Server thread/INFO]: Preparing spawn area: 15%
[19:17:00] [Server thread/INFO]: Preparing spawn area: 37%
[19:17:01] [Server thread/INFO]: Preparing spawn area: 56%
[19:17:02] [Server thread/INFO]: Preparing spawn area: 80%
[19:17:03] [Server thread/INFO]: Preparing spawn area: 99%
[19:17:03] [Server thread/INFO]: Preparing start region for level 1 (Seed: -1396368121768390908)
[19:17:04] [Server thread/INFO]: Preparing spawn area: 22%
[19:17:05] [Server thread/INFO]: Preparing spawn area: 48%
[19:17:06] [Server thread/INFO]: Preparing spawn area: 78%
[19:17:07] [Server thread/INFO]: Preparing start region for level 2 (Seed: -1396368121768390908)
[19:17:08] [Server thread/INFO]: Preparing spawn area: 85%
[19:17:08] [Server thread/INFO]: Done (10.801s)! For help, type "help" or "?"
