[19:15:23] [Server thread/INFO]: Starting minecraft server version 1.11
[19:15:23] [Server thread/INFO]: Loading properties
[19:15:23] [Server thread/INFO]: Default game type: SURVIVAL
[19:15:23] [Server thread/INFO]: This server is running CraftBukkit version git-Spigot-16c940b-eed13ca (MC: 1.11) (Implementing API version 1.11-R0.1-SNAPSHOT)
[19:15:24] [Server thread/INFO]: Debug logging is disabled
[19:15:24] [Server thread/INFO]: Using 4 threads for Netty based IO
[19:15:24] [Server thread/INFO]: Server Ping Player Sample Count: 12
[19:15:24] [Server thread/INFO]: Generating keypair
[19:15:24] [Server thread/INFO]: Starting Minecraft server on *:25565
[19:15:24] [Server thread/INFO]: Using default channel type
[19:15:24] [Server thread/INFO]: Set PluginClassLoader as parallel capable
[19:15:24] [Server thread/INFO]: [WorldEdit] Loading WorldEdit v6.1.3;7a097ca
[19:15:24] [Server thread/INFO]: [ArenaTugOfWar] Loading ArenaTugOfWar v0.0.1-SNAPSHOT
[19:15:24] [Server thread/INFO]: **** Beginning UUID conversion, this may take A LONG time ****
[19:15:24] [Server thread/INFO]: Preparing level "world"
[19:15:24] [Server thread/INFO]: -------- World Settings For [world] --------
[19:15:24] [Server thread/INFO]: Item Despawn Rate: 6000
[19:15:24] [Server thread/INFO]: Item Merge Radius: 2.5
[19:15:24] [Server thread/INFO]: View Distance: 10
[19:15:24] [Server thread/INFO]: Allow Zombie Pigmen to spawn from portal blocks: true
[19:15:24] [Server thread/INFO]: Arrow Despawn Rate: 1200
[19:15:24] [Server thread/INFO]: Custom Map Seeds:  Village: 10387312 Feature: 14357617
[19:15:24] [Server thread/INFO]: Zombie Aggressive Towards Villager: true
[19:15:24] [Server thread/INFO]: Hopper Transfer: 8 Hopper Check: 8 Hopper Amount: 1
[19:15:24] [Server thread/INFO]: Max TNT Explosions: 100
[19:15:24] [Server thread/INFO]: Tile Max Tick Time: 50ms Entity max Tick Time: 50ms
[19:15:24] [Server thread/INFO]: Entity Tracking Range: Pl 48 / An 48 / Mo 48 / Mi 32 / Other 64
[19:15:24] [Server thread/INFO]: Random Lighting Updates: false
[19:15:24] [Server thread/INFO]: Mob Spawn Range: 4
[19:15:24] [Server thread/INFO]: Entity Activation Range: An 32 / Mo 32 / Mi 16
[19:15:24] [Server thread/INFO]: Cactus Growth Modifier: 100%
[19:15:24] [Server thread/INFO]: Cane Growth Modifier: 100%
[19:15:24] [Server thread/INFO]: Melon Growth Modifier: 100%
[19:15:24] [Server thread/INFO]: Mushroom Growth Modifier: 100%
[19:15:24] [Server thread/INFO]: Pumpkin Growth Modifier: 100%
[19:15:24] [Server thread/INFO]: Sapling Growth Modifier: 100%
[19:15:24] [Server thread/INFO]: Wheat Growth Modifier: 100%
[19:15:24] [Server thread/INFO]: NetherWart Growth Modifier: 100%
[19:15:24] [Server thread/INFO]: Vine Growth Modifier: 100%
[19:15:24] [Server thread/INFO]: Cocoa Growth Modifier: 100%
[19:15:24] [Server thread/INFO]: Structure Info Saving: true
[19:15:24] [Server thread/INFO]: Experience Merge Radius: 3.0
[19:15:24] [Server thread/INFO]: Nerfing mobs spawned from spawners: false
[19:15:24] [Server thread/INFO]: -------- World Settings For [world_nether] --------
[19:15:24] [Server thread/INFO]: Item Despawn Rate: 6000
[19:15:24] [Server thread/INFO]: Item Merge Radius: 2.5
[19:15:24] [Server thread/INFO]: View Distance: 10
[19:15:24] [Server thread/INFO]: Allow Zombie Pigmen to spawn from portal blocks: true
[19:15:24] [Server thread/INFO]: Arrow Despawn Rate: 1200
[19:15:24] [Server thread/INFO]: Custom Map Seeds:  Village: 10387312 Feature: 14357617
[19:15:24] [Server thread/INFO]: Zombie Aggressive Towards Villager: true
[19:15:24] [Server thread/INFO]: Hopper Transfer: 8 Hopper Check: 8 Hopper Amount: 1
[19:15:24] [Server thread/INFO]: Max TNT Explosions: 100
[19:15:24] [Server thread/INFO]: Tile Max Tick Time: 50ms Entity max Tick Time: 50ms
[19:15:24] [Server thread/INFO]: Entity Tracking Range: Pl 48 / An 48 / Mo 48 / Mi 32 / Other 64
[19:15:24] [Server thread/INFO]: Random Lighting Updates: false
[19:15:24] [Server thread/INFO]: Mob Spawn Range: 4
[19:15:24] [Server thread/INFO]: Entity Activation Range: An 32 / Mo 32 / Mi 16
[19:15:24] [Server thread/INFO]: Cactus Growth Modifier: 100%
[19:15:24] [Server thread/INFO]: Cane Growth Modifier: 100%
[19:15:24] [Server thread/INFO]: Melon Growth Modifier: 100%
[19:15:24] [Server thread/INFO]: Mushroom Growth Modifier: 100%
[19:15:24] [Server thread/INFO]: Pumpkin Growth Modifier: 100%
[19:15:24] [Server thread/INFO]: Sapling Growth Modifier: 100%
[19:15:24] [Server thread/INFO]: Wheat Growth Modifier: 100%
[19:15:24] [Server thread/INFO]: NetherWart Growth Modifier: 100%
[19:15:24] [Server thread/INFO]: Vine Growth Modifier: 100%
[19:15:24] [Server thread/INFO]: Cocoa Growth Modifier: 100%
[19:15:24] [Server thread/INFO]: Structure Info Saving: true
[19:15:24] [Server thread/INFO]: Experience Merge Radius: 3.0
[19:15:24] [Server thread/INFO]: Nerfing mobs spawned from spawners: false
[19:15:24] [Server thread/INFO]: -------- World Settings For [world_the_end] --------
[19:15:24] [Server thread/INFO]: Item Despawn Rate: 6000
[19:15:24] [Server thread/INFO]: Item Merge Radius: 2.5
[19:15:24] [Server thread/INFO]: View Distance: 10
[19:15:24] [Server thread/INFO]: Allow Zombie Pigmen to spawn from portal blocks: true
[19:15:24] [Server thread/INFO]: Arrow Despawn Rate: 1200
[19:15:24] [Server thread/INFO]: Custom Map Seeds:  Village: 10387312 Feature: 14357617
[19:15:24] [Server thread/INFO]: Zombie Aggressive Towards Villager: true
[19:15:24] [Server thread/INFO]: Hopper Transfer: 8 Hopper Check: 8 Hopper Amount: 1
[19:15:24] [Server thread/INFO]: Max TNT Explosions: 100
[19:15:24] [Server thread/INFO]: Tile Max Tick Time: 50ms Entity max Tick Time: 50ms
[19:15:24] [Server thread/INFO]: Entity Tracking Range: Pl 48 / An 48 / Mo 48 / Mi 32 / Other 64
[19:15:24] [Server thread/INFO]: Random Lighting Updates: false
[19:15:24] [Server thread/INFO]: Mob Spawn Range: 4
[19:15:24] [Server thread/INFO]: Entity Activation Range: An 32 / Mo 32 / Mi 16
[19:15:24] [Server thread/INFO]: Cactus Growth Modifier: 100%
[19:15:24] [Server thread/INFO]: Cane Growth Modifier: 100%
[19:15:24] [Server thread/INFO]: Melon Growth Modifier: 100%
[19:15:24] [Server thread/INFO]: Mushroom Growth Modifier: 100%
[19:15:24] [Server thread/INFO]: Pumpkin Growth Modifier: 100%
[19:15:24] [Server thread/INFO]: Sapling Growth Modifier: 100%
[19:15:24] [Server thread/INFO]: Wheat Growth Modifier: 100%
[19:15:24] [Server thread/INFO]: NetherWart Growth Modifier: 100%
[19:15:24] [Server thread/INFO]: Vine Growth Modifier: 100%
[19:15:24] [Server thread/INFO]: Cocoa Growth Modifier: 100%
[19:15:24] [Server thread/INFO]: Structure Info Saving: true
[19:15:24] [Server thread/INFO]: Experience Merge Radius: 3.0
[19:15:24] [Server thread/INFO]: Nerfing mobs spawned from spawners: false
[19:15:24] [Server thread/INFO]: Preparing start region for level 0 (Seed: 1413978666937103110)
[19:15:25] [Server thread/INFO]: Preparing spawn area: 96%
[19:15:25] [Server thread/INFO]: Preparing start region for level 1 (Seed: 6854498536247808680)
[19:15:26] [Server thread/INFO]: Preparing start region for level 2 (Seed: 6854498536247808680)
[19:15:26] [Server thread/INFO]: [WorldEdit] Enabling WorldEdit v6.1.3;7a097ca
[19:15:26] [Server thread/INFO]: WEPIF: Using the Bukkit Permissions API.
[19:15:26] [Server thread/WARN]: [WorldEdit] 
**********************************************
** This WorldEdit version does not fully support your version of Bukkit.
**
** When working with blocks or undoing, chests will be empty, signs
** will be blank, and so on. There will be no support for entity
** and biome-related functions.
**
** Please see http://wiki.sk89q.com/wiki/WorldEdit/Bukkit_adapters
**********************************************

[19:15:26] [Server thread/INFO]: [ArenaTugOfWar] Enabling ArenaTugOfWar v0.0.1-SNAPSHOT
[19:15:26] [Server thread/INFO]: [ArenaTugOfWar] v0.0.1-SNAPSHOT enabling!
[19:15:26] [Server thread/INFO]: [BattleArena] BattleTracker not detected, not tracking wins
[19:15:26] [Server thread/INFO]: [BattleArena] WorldEdit detected.
[19:15:26] [Server thread/INFO]: [BattleArena] no additional Arena modules
[19:15:26] [Server thread/INFO]: [ArenaTugOfWar] registering classes: gladiator, archer, monk
[19:15:26] [Server thread/INFO]: [ArenaTugOfWar] v0.0.1-SNAPSHOT enabled!
[19:15:26] [Server thread/INFO]: Server permissions file permissions.yml is empty, ignoring it
[19:15:26] [Server thread/INFO]: Done (2.534s)! For help, type "help" or "?"
[19:15:26] [Server thread/INFO]: Skirmishhas been initialized
[19:15:26] [Server thread/INFO]: Duelhas been initialized
[19:15:26] [Server thread/INFO]: DeathMatchhas been initialized
[19:15:26] [Server thread/INFO]: FreeForAllhas been initialized
[19:15:26] [Server thread/INFO]: Arenahas been initialized
[19:15:26] [Server thread/INFO]: Colosseumhas been initialized
[19:15:26] [Server thread/INFO]: Battlegroundhas been initialized
[19:15:27] [Server thread/INFO]: [ArenaTugOfWar] Loaded ArenaTow arenas: test
[19:16:16] [User Authenticator #1/INFO]: UUID of player TcFox is 6cc0e263-6b1d-406c-8adb-6990bb2878e2
[19:16:16] [Server thread/INFO]: TcFox[/127.0.0.1:57548] logged in with entity id 240 at ([world]-201.3151369013102, 99.53260614832628, 276.25440890980246)
[19:16:22] [Server thread/INFO]: TcFox issued server command: /tow join
[19:16:27] [Server thread/INFO]: TcFox issued server command: /tow forcestart
[19:16:27] [Server thread/INFO]: [Tug Of War] TcFox[1250] is entering the ArenaTow!
[19:17:45] [Server thread/INFO]: TcFox issued server command: /tow cancel
[19:17:49] [Server thread/INFO]: TcFox lost connection: Internal Exception: java.io.IOException: An existing connection was forcibly closed by the remote host
[19:17:49] [Server thread/INFO]: TcFox left the game
